<?xml version="1.0" encoding="UTF-8"?>
<testsuite name="com.example.vegan_life.service.LoginServiceTest" tests="1" skipped="0" failures="0" errors="0" timestamp="2022-06-28T13:40:27" hostname="DESKTOP-MH2CDFG" time="0.45">
  <properties/>
  <testcase name="checkAccountTest()" classname="com.example.vegan_life.service.LoginServiceTest" time="0.45"/>
  <system-out><![CDATA[22:40:23.148 [Test worker] DEBUG org.springframework.test.context.BootstrapUtils - Instantiating CacheAwareContextLoaderDelegate from class [org.springframework.test.context.cache.DefaultCacheAwareContextLoaderDelegate]
22:40:23.164 [Test worker] DEBUG org.springframework.test.context.BootstrapUtils - Instantiating BootstrapContext using constructor [public org.springframework.test.context.support.DefaultBootstrapContext(java.lang.Class,org.springframework.test.context.CacheAwareContextLoaderDelegate)]
22:40:23.218 [Test worker] DEBUG org.springframework.test.context.BootstrapUtils - Instantiating TestContextBootstrapper for test class [com.example.vegan_life.service.LoginServiceTest] from class [org.springframework.boot.test.autoconfigure.orm.jpa.DataJpaTestContextBootstrapper]
22:40:23.231 [Test worker] INFO org.springframework.boot.test.autoconfigure.orm.jpa.DataJpaTestContextBootstrapper - Neither @ContextConfiguration nor @ContextHierarchy found for test class [com.example.vegan_life.service.LoginServiceTest], using SpringBootContextLoader
22:40:23.236 [Test worker] DEBUG org.springframework.test.context.support.AbstractContextLoader - Did not detect default resource location for test class [com.example.vegan_life.service.LoginServiceTest]: class path resource [com/example/vegan_life/service/LoginServiceTest-context.xml] does not exist
22:40:23.237 [Test worker] DEBUG org.springframework.test.context.support.AbstractContextLoader - Did not detect default resource location for test class [com.example.vegan_life.service.LoginServiceTest]: class path resource [com/example/vegan_life/service/LoginServiceTestContext.groovy] does not exist
22:40:23.237 [Test worker] INFO org.springframework.test.context.support.AbstractContextLoader - Could not detect default resource locations for test class [com.example.vegan_life.service.LoginServiceTest]: no resource found for suffixes {-context.xml, Context.groovy}.
22:40:23.238 [Test worker] INFO org.springframework.test.context.support.AnnotationConfigContextLoaderUtils - Could not detect default configuration classes for test class [com.example.vegan_life.service.LoginServiceTest]: LoginServiceTest does not declare any static, non-private, non-final, nested classes annotated with @Configuration.
22:40:23.318 [Test worker] DEBUG org.springframework.test.context.support.ActiveProfilesUtils - Could not find an 'annotation declaring class' for annotation type [org.springframework.test.context.ActiveProfiles] and class [com.example.vegan_life.service.LoginServiceTest]
22:40:23.382 [Test worker] DEBUG org.springframework.context.annotation.ClassPathScanningCandidateComponentProvider - Identified candidate component class: file [C:\Users\sm000\Downloads\vegan_life\vegan_life\build\classes\java\main\com\example\vegan_life\VeganLifeServerApplication.class]
22:40:23.384 [Test worker] INFO org.springframework.boot.test.context.SpringBootTestContextBootstrapper - Found @SpringBootConfiguration com.example.vegan_life.VeganLifeServerApplication for test class com.example.vegan_life.service.LoginServiceTest
22:40:23.388 [Test worker] DEBUG org.springframework.boot.test.autoconfigure.orm.jpa.DataJpaTestContextBootstrapper - @TestExecutionListeners is not present for class [com.example.vegan_life.service.LoginServiceTest]: using defaults.
22:40:23.388 [Test worker] INFO org.springframework.boot.test.autoconfigure.orm.jpa.DataJpaTestContextBootstrapper - Loaded default TestExecutionListener class names from location [META-INF/spring.factories]: [org.springframework.boot.test.autoconfigure.restdocs.RestDocsTestExecutionListener, org.springframework.boot.test.autoconfigure.web.client.MockRestServiceServerResetTestExecutionListener, org.springframework.boot.test.autoconfigure.web.servlet.MockMvcPrintOnlyOnFailureTestExecutionListener, org.springframework.boot.test.autoconfigure.web.servlet.WebDriverTestExecutionListener, org.springframework.boot.test.autoconfigure.webservices.client.MockWebServiceServerTestExecutionListener, org.springframework.boot.test.mock.mockito.MockitoTestExecutionListener, org.springframework.boot.test.mock.mockito.ResetMocksTestExecutionListener, org.springframework.test.context.web.ServletTestExecutionListener, org.springframework.test.context.support.DirtiesContextBeforeModesTestExecutionListener, org.springframework.test.context.event.ApplicationEventsTestExecutionListener, org.springframework.test.context.support.DependencyInjectionTestExecutionListener, org.springframework.test.context.support.DirtiesContextTestExecutionListener, org.springframework.test.context.transaction.TransactionalTestExecutionListener, org.springframework.test.context.jdbc.SqlScriptsTestExecutionListener, org.springframework.test.context.event.EventPublishingTestExecutionListener]
22:40:23.407 [Test worker] INFO org.springframework.boot.test.autoconfigure.orm.jpa.DataJpaTestContextBootstrapper - Using TestExecutionListeners: [org.springframework.test.context.web.ServletTestExecutionListener@79da1ec0, org.springframework.test.context.support.DirtiesContextBeforeModesTestExecutionListener@19fb8826, org.springframework.test.context.event.ApplicationEventsTestExecutionListener@192d74fb, org.springframework.boot.test.mock.mockito.MockitoTestExecutionListener@4bef0fe3, org.springframework.boot.test.autoconfigure.SpringBootDependencyInjectionTestExecutionListener@62ea3440, org.springframework.test.context.support.DirtiesContextTestExecutionListener@27953a83, org.springframework.test.context.transaction.TransactionalTestExecutionListener@556d0826, org.springframework.test.context.jdbc.SqlScriptsTestExecutionListener@66ce957f, org.springframework.test.context.event.EventPublishingTestExecutionListener@55b5f5d2, org.springframework.boot.test.autoconfigure.restdocs.RestDocsTestExecutionListener@5bfa8cc5, org.springframework.boot.test.autoconfigure.web.client.MockRestServiceServerResetTestExecutionListener@666b83a4, org.springframework.boot.test.autoconfigure.web.servlet.MockMvcPrintOnlyOnFailureTestExecutionListener@749c877b, org.springframework.boot.test.autoconfigure.web.servlet.WebDriverTestExecutionListener@efde75f, org.springframework.boot.test.autoconfigure.webservices.client.MockWebServiceServerTestExecutionListener@16ecee1, org.springframework.boot.test.mock.mockito.ResetMocksTestExecutionListener@3b220bcb]
22:40:23.412 [Test worker] DEBUG org.springframework.test.context.support.AbstractDirtiesContextTestExecutionListener - Before test class: context [DefaultTestContext@1dd0e7c4 testClass = LoginServiceTest, testInstance = [null], testMethod = [null], testException = [null], mergedContextConfiguration = [MergedContextConfiguration@7894f09b testClass = LoginServiceTest, locations = '{}', classes = '{class com.example.vegan_life.VeganLifeServerApplication}', contextInitializerClasses = '[]', activeProfiles = '{}', propertySourceLocations = '{}', propertySourceProperties = '{org.springframework.boot.test.autoconfigure.orm.jpa.DataJpaTestContextBootstrapper=true}', contextCustomizers = set[org.springframework.boot.test.autoconfigure.OverrideAutoConfigurationContextCustomizerFactory$DisableAutoConfigurationContextCustomizer@7d64e326, org.springframework.boot.test.autoconfigure.actuate.metrics.MetricsExportContextCustomizerFactory$DisableMetricExportContextCustomizer@6b8d96d9, org.springframework.boot.test.autoconfigure.filter.TypeExcludeFiltersContextCustomizer@351584c0, org.springframework.boot.test.autoconfigure.properties.PropertyMappingContextCustomizer@aea0133a, org.springframework.boot.test.autoconfigure.web.servlet.WebDriverContextCustomizerFactory$Customizer@40844aab, [ImportsContextCustomizer@3d484181 key = [org.springframework.boot.autoconfigure.cache.CacheAutoConfiguration, org.springframework.boot.autoconfigure.data.jpa.JpaRepositoriesAutoConfiguration, org.springframework.boot.autoconfigure.flyway.FlywayAutoConfiguration, org.springframework.boot.autoconfigure.jdbc.DataSourceAutoConfiguration, org.springframework.boot.autoconfigure.jdbc.DataSourceTransactionManagerAutoConfiguration, org.springframework.boot.autoconfigure.jdbc.JdbcTemplateAutoConfiguration, org.springframework.boot.autoconfigure.liquibase.LiquibaseAutoConfiguration, org.springframework.boot.autoconfigure.orm.jpa.HibernateJpaAutoConfiguration, org.springframework.boot.autoconfigure.sql.init.SqlInitializationAutoConfiguration, org.springframework.boot.autoconfigure.transaction.TransactionAutoConfiguration, org.springframework.boot.test.autoconfigure.jdbc.TestDatabaseAutoConfiguration, org.springframework.boot.test.autoconfigure.orm.jpa.TestEntityManagerAutoConfiguration]], org.springframework.boot.test.context.filter.ExcludeFilterContextCustomizer@3300f4fd, org.springframework.boot.test.json.DuplicateJsonObjectContextCustomizerFactory$DuplicateJsonObjectContextCustomizer@5b068087, org.springframework.boot.test.mock.mockito.MockitoContextCustomizer@0, org.springframework.boot.test.context.SpringBootTestArgs@1, org.springframework.boot.test.context.SpringBootTestWebEnvironment@0], contextLoader = 'org.springframework.boot.test.context.SpringBootContextLoader', parent = [null]], attributes = map[[empty]]], class annotated with @DirtiesContext [false] with mode [null].
22:40:23.431 [Test worker] DEBUG org.springframework.test.context.support.DependencyInjectionTestExecutionListener - Performing dependency injection for test context [[DefaultTestContext@1dd0e7c4 testClass = LoginServiceTest, testInstance = com.example.vegan_life.service.LoginServiceTest@22d6f11, testMethod = [null], testException = [null], mergedContextConfiguration = [MergedContextConfiguration@7894f09b testClass = LoginServiceTest, locations = '{}', classes = '{class com.example.vegan_life.VeganLifeServerApplication}', contextInitializerClasses = '[]', activeProfiles = '{}', propertySourceLocations = '{}', propertySourceProperties = '{org.springframework.boot.test.autoconfigure.orm.jpa.DataJpaTestContextBootstrapper=true}', contextCustomizers = set[org.springframework.boot.test.autoconfigure.OverrideAutoConfigurationContextCustomizerFactory$DisableAutoConfigurationContextCustomizer@7d64e326, org.springframework.boot.test.autoconfigure.actuate.metrics.MetricsExportContextCustomizerFactory$DisableMetricExportContextCustomizer@6b8d96d9, org.springframework.boot.test.autoconfigure.filter.TypeExcludeFiltersContextCustomizer@351584c0, org.springframework.boot.test.autoconfigure.properties.PropertyMappingContextCustomizer@aea0133a, org.springframework.boot.test.autoconfigure.web.servlet.WebDriverContextCustomizerFactory$Customizer@40844aab, [ImportsContextCustomizer@3d484181 key = [org.springframework.boot.autoconfigure.cache.CacheAutoConfiguration, org.springframework.boot.autoconfigure.data.jpa.JpaRepositoriesAutoConfiguration, org.springframework.boot.autoconfigure.flyway.FlywayAutoConfiguration, org.springframework.boot.autoconfigure.jdbc.DataSourceAutoConfiguration, org.springframework.boot.autoconfigure.jdbc.DataSourceTransactionManagerAutoConfiguration, org.springframework.boot.autoconfigure.jdbc.JdbcTemplateAutoConfiguration, org.springframework.boot.autoconfigure.liquibase.LiquibaseAutoConfiguration, org.springframework.boot.autoconfigure.orm.jpa.HibernateJpaAutoConfiguration, org.springframework.boot.autoconfigure.sql.init.SqlInitializationAutoConfiguration, org.springframework.boot.autoconfigure.transaction.TransactionAutoConfiguration, org.springframework.boot.test.autoconfigure.jdbc.TestDatabaseAutoConfiguration, org.springframework.boot.test.autoconfigure.orm.jpa.TestEntityManagerAutoConfiguration]], org.springframework.boot.test.context.filter.ExcludeFilterContextCustomizer@3300f4fd, org.springframework.boot.test.json.DuplicateJsonObjectContextCustomizerFactory$DuplicateJsonObjectContextCustomizer@5b068087, org.springframework.boot.test.mock.mockito.MockitoContextCustomizer@0, org.springframework.boot.test.context.SpringBootTestArgs@1, org.springframework.boot.test.context.SpringBootTestWebEnvironment@0], contextLoader = 'org.springframework.boot.test.context.SpringBootContextLoader', parent = [null]], attributes = map['org.springframework.test.context.event.ApplicationEventsTestExecutionListener.recordApplicationEvents' -> false]]].

  .   ____          _            __ _ _
 /\\ / ___'_ __ _ _(_)_ __  __ _ \ \ \ \
( ( )\___ | '_ | '_| | '_ \/ _` | \ \ \ \
 \\/  ___)| |_)| | | | | || (_| |  ) ) ) )
  '  |____| .__|_| |_|_| |_\__, | / / / /
 =========|_|==============|___/=/_/_/_/
 :: Spring Boot ::                (v2.7.1)

2022-06-28 22:40:23.891  INFO 4732 --- [    Test worker] c.e.vegan_life.service.LoginServiceTest  : Starting LoginServiceTest using Java 16 on DESKTOP-MH2CDFG with PID 4732 (started by sm000 in C:\Users\sm000\Downloads\vegan_life\vegan_life)
2022-06-28 22:40:23.893  INFO 4732 --- [    Test worker] c.e.vegan_life.service.LoginServiceTest  : No active profile set, falling back to 1 default profile: "default"
2022-06-28 22:40:24.409  INFO 4732 --- [    Test worker] .s.d.r.c.RepositoryConfigurationDelegate : Bootstrapping Spring Data JPA repositories in DEFAULT mode.
2022-06-28 22:40:24.516  INFO 4732 --- [    Test worker] .s.d.r.c.RepositoryConfigurationDelegate : Finished Spring Data repository scanning in 95 ms. Found 6 JPA repository interfaces.
2022-06-28 22:40:24.581  INFO 4732 --- [    Test worker] beddedDataSourceBeanFactoryPostProcessor : Replacing 'dataSource' DataSource bean with embedded version
2022-06-28 22:40:24.803  INFO 4732 --- [    Test worker] o.s.j.d.e.EmbeddedDatabaseFactory        : Starting embedded database: url='jdbc:h2:mem:1608a49a-2347-4fb6-9efc-2f8758270f9a;DB_CLOSE_DELAY=-1;DB_CLOSE_ON_EXIT=false', username='sa'
2022-06-28 22:40:25.250  INFO 4732 --- [    Test worker] o.hibernate.jpa.internal.util.LogHelper  : HHH000204: Processing PersistenceUnitInfo [name: default]
2022-06-28 22:40:25.325  INFO 4732 --- [    Test worker] org.hibernate.Version                    : HHH000412: Hibernate ORM core version 5.6.9.Final
2022-06-28 22:40:25.537  INFO 4732 --- [    Test worker] o.hibernate.annotations.common.Version   : HCANN000001: Hibernate Commons Annotations {5.1.2.Final}
2022-06-28 22:40:25.713  INFO 4732 --- [    Test worker] org.hibernate.dialect.Dialect            : HHH000400: Using dialect: org.hibernate.dialect.H2Dialect
Hibernate: 
    
    create table article (
       article_idx bigint generated by default as identity,
        community_code integer not null,
        content varchar(255),
        written_at timestamp,
        writer_member_idx bigint,
        primary key (article_idx)
    )
Hibernate: 
    
    create table comment (
       comment_idx bigint generated by default as identity,
        primary key (comment_idx)
    )
Hibernate: 
    
    create table community (
       community_idx bigint generated by default as identity,
        primary key (community_idx)
    )
Hibernate: 
    
    create table diet (
       diet_idx bigint generated by default as identity,
        primary key (diet_idx)
    )
Hibernate: 
    
    create table member (
       member_idx bigint generated by default as identity,
        email varchar(255),
        height float,
        name varchar(255),
        nickname varchar(255),
        password varchar(255),
        vege_type varchar(255),
        weight float,
        primary key (member_idx)
    )
Hibernate: 
    
    create table recipe (
       recipe_idx bigint generated by default as identity,
        primary key (recipe_idx)
    )
Hibernate: 
    
    alter table article 
       add constraint FKgan45lsp404us9nltn3o3x2ch 
       foreign key (writer_member_idx) 
       references member
2022-06-28 22:40:26.500  INFO 4732 --- [    Test worker] o.h.e.t.j.p.i.JtaPlatformInitiator       : HHH000490: Using JtaPlatform implementation: [org.hibernate.engine.transaction.jta.platform.internal.NoJtaPlatform]
2022-06-28 22:40:26.511  INFO 4732 --- [    Test worker] j.LocalContainerEntityManagerFactoryBean : Initialized JPA EntityManagerFactory for persistence unit 'default'
2022-06-28 22:40:27.149  INFO 4732 --- [    Test worker] c.e.vegan_life.service.LoginServiceTest  : Started LoginServiceTest in 3.68 seconds (JVM running for 5.071)
2022-06-28 22:40:27.182  INFO 4732 --- [    Test worker] o.s.t.c.transaction.TransactionContext   : Began transaction (1) for test context [DefaultTestContext@1dd0e7c4 testClass = LoginServiceTest, testInstance = com.example.vegan_life.service.LoginServiceTest@22d6f11, testMethod = checkAccountTest@LoginServiceTest, testException = [null], mergedContextConfiguration = [MergedContextConfiguration@7894f09b testClass = LoginServiceTest, locations = '{}', classes = '{class com.example.vegan_life.VeganLifeServerApplication}', contextInitializerClasses = '[]', activeProfiles = '{}', propertySourceLocations = '{}', propertySourceProperties = '{org.springframework.boot.test.autoconfigure.orm.jpa.DataJpaTestContextBootstrapper=true}', contextCustomizers = set[org.springframework.boot.test.autoconfigure.OverrideAutoConfigurationContextCustomizerFactory$DisableAutoConfigurationContextCustomizer@7d64e326, org.springframework.boot.test.autoconfigure.actuate.metrics.MetricsExportContextCustomizerFactory$DisableMetricExportContextCustomizer@6b8d96d9, org.springframework.boot.test.autoconfigure.filter.TypeExcludeFiltersContextCustomizer@351584c0, org.springframework.boot.test.autoconfigure.properties.PropertyMappingContextCustomizer@aea0133a, org.springframework.boot.test.autoconfigure.web.servlet.WebDriverContextCustomizerFactory$Customizer@40844aab, [ImportsContextCustomizer@3d484181 key = [org.springframework.boot.autoconfigure.cache.CacheAutoConfiguration, org.springframework.boot.autoconfigure.data.jpa.JpaRepositoriesAutoConfiguration, org.springframework.boot.autoconfigure.flyway.FlywayAutoConfiguration, org.springframework.boot.autoconfigure.jdbc.DataSourceAutoConfiguration, org.springframework.boot.autoconfigure.jdbc.DataSourceTransactionManagerAutoConfiguration, org.springframework.boot.autoconfigure.jdbc.JdbcTemplateAutoConfiguration, org.springframework.boot.autoconfigure.liquibase.LiquibaseAutoConfiguration, org.springframework.boot.autoconfigure.orm.jpa.HibernateJpaAutoConfiguration, org.springframework.boot.autoconfigure.sql.init.SqlInitializationAutoConfiguration, org.springframework.boot.autoconfigure.transaction.TransactionAutoConfiguration, org.springframework.boot.test.autoconfigure.jdbc.TestDatabaseAutoConfiguration, org.springframework.boot.test.autoconfigure.orm.jpa.TestEntityManagerAutoConfiguration]], org.springframework.boot.test.context.filter.ExcludeFilterContextCustomizer@3300f4fd, org.springframework.boot.test.json.DuplicateJsonObjectContextCustomizerFactory$DuplicateJsonObjectContextCustomizer@5b068087, org.springframework.boot.test.mock.mockito.MockitoContextCustomizer@0, org.springframework.boot.test.context.SpringBootTestArgs@1, org.springframework.boot.test.context.SpringBootTestWebEnvironment@0], contextLoader = 'org.springframework.boot.test.context.SpringBootContextLoader', parent = [null]], attributes = map['org.springframework.test.context.event.ApplicationEventsTestExecutionListener.recordApplicationEvents' -> false]]; transaction manager [org.springframework.orm.jpa.JpaTransactionManager@6ffbf0ac]; rollback [true]
Hibernate: 
    select
        memberenti0_.member_idx as member_i1_4_0_,
        memberenti0_.email as email2_4_0_,
        memberenti0_.height as height3_4_0_,
        memberenti0_.name as name4_4_0_,
        memberenti0_.nickname as nickname5_4_0_,
        memberenti0_.password as password6_4_0_,
        memberenti0_.vege_type as vege_typ7_4_0_,
        memberenti0_.weight as weight8_4_0_ 
    from
        member memberenti0_ 
    where
        memberenti0_.member_idx=?
Hibernate: 
    select
        * 
    from
        member m 
    where
        email=?
Hibernate: 
    select
        memberenti0_.member_idx as member_i1_4_,
        memberenti0_.email as email2_4_,
        memberenti0_.height as height3_4_,
        memberenti0_.name as name4_4_,
        memberenti0_.nickname as nickname5_4_,
        memberenti0_.password as password6_4_,
        memberenti0_.vege_type as vege_typ7_4_,
        memberenti0_.weight as weight8_4_ 
    from
        member memberenti0_
Optional.empty
null
2022-06-28 22:40:27.609  INFO 4732 --- [    Test worker] o.s.t.c.transaction.TransactionContext   : Rolled back transaction for test: [DefaultTestContext@1dd0e7c4 testClass = LoginServiceTest, testInstance = com.example.vegan_life.service.LoginServiceTest@22d6f11, testMethod = checkAccountTest@LoginServiceTest, testException = [null], mergedContextConfiguration = [MergedContextConfiguration@7894f09b testClass = LoginServiceTest, locations = '{}', classes = '{class com.example.vegan_life.VeganLifeServerApplication}', contextInitializerClasses = '[]', activeProfiles = '{}', propertySourceLocations = '{}', propertySourceProperties = '{org.springframework.boot.test.autoconfigure.orm.jpa.DataJpaTestContextBootstrapper=true}', contextCustomizers = set[org.springframework.boot.test.autoconfigure.OverrideAutoConfigurationContextCustomizerFactory$DisableAutoConfigurationContextCustomizer@7d64e326, org.springframework.boot.test.autoconfigure.actuate.metrics.MetricsExportContextCustomizerFactory$DisableMetricExportContextCustomizer@6b8d96d9, org.springframework.boot.test.autoconfigure.filter.TypeExcludeFiltersContextCustomizer@351584c0, org.springframework.boot.test.autoconfigure.properties.PropertyMappingContextCustomizer@aea0133a, org.springframework.boot.test.autoconfigure.web.servlet.WebDriverContextCustomizerFactory$Customizer@40844aab, [ImportsContextCustomizer@3d484181 key = [org.springframework.boot.autoconfigure.cache.CacheAutoConfiguration, org.springframework.boot.autoconfigure.data.jpa.JpaRepositoriesAutoConfiguration, org.springframework.boot.autoconfigure.flyway.FlywayAutoConfiguration, org.springframework.boot.autoconfigure.jdbc.DataSourceAutoConfiguration, org.springframework.boot.autoconfigure.jdbc.DataSourceTransactionManagerAutoConfiguration, org.springframework.boot.autoconfigure.jdbc.JdbcTemplateAutoConfiguration, org.springframework.boot.autoconfigure.liquibase.LiquibaseAutoConfiguration, org.springframework.boot.autoconfigure.orm.jpa.HibernateJpaAutoConfiguration, org.springframework.boot.autoconfigure.sql.init.SqlInitializationAutoConfiguration, org.springframework.boot.autoconfigure.transaction.TransactionAutoConfiguration, org.springframework.boot.test.autoconfigure.jdbc.TestDatabaseAutoConfiguration, org.springframework.boot.test.autoconfigure.orm.jpa.TestEntityManagerAutoConfiguration]], org.springframework.boot.test.context.filter.ExcludeFilterContextCustomizer@3300f4fd, org.springframework.boot.test.json.DuplicateJsonObjectContextCustomizerFactory$DuplicateJsonObjectContextCustomizer@5b068087, org.springframework.boot.test.mock.mockito.MockitoContextCustomizer@0, org.springframework.boot.test.context.SpringBootTestArgs@1, org.springframework.boot.test.context.SpringBootTestWebEnvironment@0], contextLoader = 'org.springframework.boot.test.context.SpringBootContextLoader', parent = [null]], attributes = map['org.springframework.test.context.event.ApplicationEventsTestExecutionListener.recordApplicationEvents' -> false]]
]]></system-out>
  <system-err><![CDATA[]]></system-err>
</testsuite>
